2019-08-22 11:32:40.628  INFO 29272 --- [main] com.cskaoyan.mall.MallApplication        : Starting MallApplication on Xin-Zhang with PID 29272 (C:\GitRepository\mall\project\target\classes started by xin.zhang in C:\GitRepository\mall)
2019-08-22 11:32:40.682  INFO 29272 --- [main] com.cskaoyan.mall.MallApplication        : The following profiles are active: db
2019-08-22 11:32:46.885  INFO 29272 --- [main] trationDelegate$BeanPostProcessorChecker : Bean 'org.springframework.transaction.annotation.ProxyTransactionManagementConfiguration' of type [org.springframework.transaction.annotation.ProxyTransactionManagementConfiguration$$EnhancerBySpringCGLIB$$f2c3f7b6] is not eligible for getting processed by all BeanPostProcessors (for example: not eligible for auto-proxying)
2019-08-22 11:32:47.285  INFO 29272 --- [main] trationDelegate$BeanPostProcessorChecker : Bean 'shiroConfig' of type [com.cskaoyan.mall.config.ShiroConfig$$EnhancerBySpringCGLIB$$5a2891d8] is not eligible for getting processed by all BeanPostProcessors (for example: not eligible for auto-proxying)
2019-08-22 11:32:47.460  INFO 29272 --- [main] trationDelegate$BeanPostProcessorChecker : Bean 'corsConfig' of type [com.cskaoyan.mall.config.CorsConfig$$EnhancerBySpringCGLIB$$b84c6b40] is not eligible for getting processed by all BeanPostProcessors (for example: not eligible for auto-proxying)
2019-08-22 11:32:47.508  INFO 29272 --- [main] trationDelegate$BeanPostProcessorChecker : Bean 'org.springframework.boot.autoconfigure.jdbc.DataSourceConfiguration$Generic' of type [org.springframework.boot.autoconfigure.jdbc.DataSourceConfiguration$Generic$$EnhancerBySpringCGLIB$$d47edbd8] is not eligible for getting processed by all BeanPostProcessors (for example: not eligible for auto-proxying)
2019-08-22 11:32:47.718  INFO 29272 --- [main] trationDelegate$BeanPostProcessorChecker : Bean 'spring.datasource-org.springframework.boot.autoconfigure.jdbc.DataSourceProperties' of type [org.springframework.boot.autoconfigure.jdbc.DataSourceProperties] is not eligible for getting processed by all BeanPostProcessors (for example: not eligible for auto-proxying)
2019-08-22 11:32:47.979  INFO 29272 --- [main] trationDelegate$BeanPostProcessorChecker : Bean 'dataSource' of type [com.alibaba.druid.pool.DruidDataSource] is not eligible for getting processed by all BeanPostProcessors (for example: not eligible for auto-proxying)
2019-08-22 11:32:48.076  INFO 29272 --- [main] trationDelegate$BeanPostProcessorChecker : Bean 'org.springframework.boot.autoconfigure.jdbc.DataSourceInitializerInvoker' of type [org.springframework.boot.autoconfigure.jdbc.DataSourceInitializerInvoker] is not eligible for getting processed by all BeanPostProcessors (for example: not eligible for auto-proxying)
2019-08-22 11:32:48.418  INFO 29272 --- [main] trationDelegate$BeanPostProcessorChecker : Bean 'sqlSessionFactoryBean' of type [org.mybatis.spring.SqlSessionFactoryBean] is not eligible for getting processed by all BeanPostProcessors (for example: not eligible for auto-proxying)
2019-08-22 11:32:48.425  INFO 29272 --- [main] trationDelegate$BeanPostProcessorChecker : Bean 'sqlSessionFactoryBean' of type [org.apache.ibatis.session.defaults.DefaultSqlSessionFactory] is not eligible for getting processed by all BeanPostProcessors (for example: not eligible for auto-proxying)
2019-08-22 11:32:48.443  INFO 29272 --- [main] trationDelegate$BeanPostProcessorChecker : Bean 'mybatis-org.mybatis.spring.boot.autoconfigure.MybatisProperties' of type [org.mybatis.spring.boot.autoconfigure.MybatisProperties] is not eligible for getting processed by all BeanPostProcessors (for example: not eligible for auto-proxying)
2019-08-22 11:32:48.490  INFO 29272 --- [main] trationDelegate$BeanPostProcessorChecker : Bean 'org.mybatis.spring.boot.autoconfigure.MybatisAutoConfiguration' of type [org.mybatis.spring.boot.autoconfigure.MybatisAutoConfiguration$$EnhancerBySpringCGLIB$$259848e6] is not eligible for getting processed by all BeanPostProcessors (for example: not eligible for auto-proxying)
2019-08-22 11:32:48.543  INFO 29272 --- [main] trationDelegate$BeanPostProcessorChecker : Bean 'sqlSessionTemplate' of type [org.mybatis.spring.SqlSessionTemplate] is not eligible for getting processed by all BeanPostProcessors (for example: not eligible for auto-proxying)
2019-08-22 11:32:49.385  INFO 29272 --- [main] trationDelegate$BeanPostProcessorChecker : Bean 'adminMapper' of type [org.mybatis.spring.mapper.MapperFactoryBean] is not eligible for getting processed by all BeanPostProcessors (for example: not eligible for auto-proxying)
2019-08-22 11:32:49.422  INFO 29272 --- [main] trationDelegate$BeanPostProcessorChecker : Bean 'adminMapper' of type [com.sun.proxy.$Proxy70] is not eligible for getting processed by all BeanPostProcessors (for example: not eligible for auto-proxying)
2019-08-22 11:32:49.556  INFO 29272 --- [main] trationDelegate$BeanPostProcessorChecker : Bean 'roleMapper' of type [org.mybatis.spring.mapper.MapperFactoryBean] is not eligible for getting processed by all BeanPostProcessors (for example: not eligible for auto-proxying)
2019-08-22 11:32:49.560  INFO 29272 --- [main] trationDelegate$BeanPostProcessorChecker : Bean 'roleMapper' of type [com.sun.proxy.$Proxy72] is not eligible for getting processed by all BeanPostProcessors (for example: not eligible for auto-proxying)
2019-08-22 11:32:49.713  INFO 29272 --- [main] trationDelegate$BeanPostProcessorChecker : Bean 'logMapper' of type [org.mybatis.spring.mapper.MapperFactoryBean] is not eligible for getting processed by all BeanPostProcessors (for example: not eligible for auto-proxying)
2019-08-22 11:32:49.717  INFO 29272 --- [main] trationDelegate$BeanPostProcessorChecker : Bean 'logMapper' of type [com.sun.proxy.$Proxy73] is not eligible for getting processed by all BeanPostProcessors (for example: not eligible for auto-proxying)
2019-08-22 11:32:49.810  INFO 29272 --- [main] trationDelegate$BeanPostProcessorChecker : Bean 'systemPermissionsMapper' of type [org.mybatis.spring.mapper.MapperFactoryBean] is not eligible for getting processed by all BeanPostProcessors (for example: not eligible for auto-proxying)
2019-08-22 11:32:49.815  INFO 29272 --- [main] trationDelegate$BeanPostProcessorChecker : Bean 'systemPermissionsMapper' of type [com.sun.proxy.$Proxy74] is not eligible for getting processed by all BeanPostProcessors (for example: not eligible for auto-proxying)
2019-08-22 11:32:49.984  INFO 29272 --- [main] trationDelegate$BeanPostProcessorChecker : Bean 'permissionMapper' of type [org.mybatis.spring.mapper.MapperFactoryBean] is not eligible for getting processed by all BeanPostProcessors (for example: not eligible for auto-proxying)
2019-08-22 11:32:49.988  INFO 29272 --- [main] trationDelegate$BeanPostProcessorChecker : Bean 'permissionMapper' of type [com.sun.proxy.$Proxy75] is not eligible for getting processed by all BeanPostProcessors (for example: not eligible for auto-proxying)
2019-08-22 11:32:49.999  INFO 29272 --- [main] trationDelegate$BeanPostProcessorChecker : Bean 'adminServiceImpl' of type [com.cskaoyan.mall.service.lxs.AdminServiceImpl] is not eligible for getting processed by all BeanPostProcessors (for example: not eligible for auto-proxying)
2019-08-22 11:32:50.010  INFO 29272 --- [main] trationDelegate$BeanPostProcessorChecker : Bean 'roleServiceImpl' of type [com.cskaoyan.mall.service.lxt.impl.RoleServiceImpl] is not eligible for getting processed by all BeanPostProcessors (for example: not eligible for auto-proxying)
2019-08-22 11:32:50.024  INFO 29272 --- [main] trationDelegate$BeanPostProcessorChecker : Bean 'permissionServiceImpl' of type [com.cskaoyan.mall.service.lxt.impl.PermissionServiceImpl] is not eligible for getting processed by all BeanPostProcessors (for example: not eligible for auto-proxying)
2019-08-22 11:32:50.119  INFO 29272 --- [main] trationDelegate$BeanPostProcessorChecker : Bean 'userMapper' of type [org.mybatis.spring.mapper.MapperFactoryBean] is not eligible for getting processed by all BeanPostProcessors (for example: not eligible for auto-proxying)
2019-08-22 11:32:50.124  INFO 29272 --- [main] trationDelegate$BeanPostProcessorChecker : Bean 'userMapper' of type [com.sun.proxy.$Proxy76] is not eligible for getting processed by all BeanPostProcessors (for example: not eligible for auto-proxying)
2019-08-22 11:32:50.129  INFO 29272 --- [main] trationDelegate$BeanPostProcessorChecker : Bean 'userServiceImpl' of type [com.cskaoyan.mall.service.lxt.impl.UserServiceImpl] is not eligible for getting processed by all BeanPostProcessors (for example: not eligible for auto-proxying)
2019-08-22 11:32:50.131  INFO 29272 --- [main] trationDelegate$BeanPostProcessorChecker : Bean 'customRealm' of type [com.cskaoyan.mall.realm.CustomRealm] is not eligible for getting processed by all BeanPostProcessors (for example: not eligible for auto-proxying)
2019-08-22 11:32:50.153  INFO 29272 --- [main] trationDelegate$BeanPostProcessorChecker : Bean 'cacheManager' of type [org.apache.shiro.cache.ehcache.EhCacheManager] is not eligible for getting processed by all BeanPostProcessors (for example: not eligible for auto-proxying)
2019-08-22 11:32:50.237  INFO 29272 --- [main] trationDelegate$BeanPostProcessorChecker : Bean 'sessionManager' of type [com.cskaoyan.mall.config.MallSessionManager] is not eligible for getting processed by all BeanPostProcessors (for example: not eligible for auto-proxying)
2019-08-22 11:32:50.596  INFO 29272 --- [main] o.a.shiro.cache.ehcache.EhCacheManager   : Cache with name 'com.cskaoyan.mall.realm.CustomRealm.authorizationCache' does not yet exist.  Creating now.
2019-08-22 11:32:50.697  INFO 29272 --- [main] o.a.shiro.cache.ehcache.EhCacheManager   : Added EhCache named [com.cskaoyan.mall.realm.CustomRealm.authorizationCache]
2019-08-22 11:32:50.708  INFO 29272 --- [main] trationDelegate$BeanPostProcessorChecker : Bean 'securityManager' of type [org.apache.shiro.web.mgt.DefaultWebSecurityManager] is not eligible for getting processed by all BeanPostProcessors (for example: not eligible for auto-proxying)
2019-08-22 11:32:50.745  INFO 29272 --- [main] trationDelegate$BeanPostProcessorChecker : Bean 'authorizationAttributeSourceAdvisor' of type [org.apache.shiro.spring.security.interceptor.AuthorizationAttributeSourceAdvisor] is not eligible for getting processed by all BeanPostProcessors (for example: not eligible for auto-proxying)
2019-08-22 11:32:51.799  INFO 29272 --- [main] o.s.b.w.embedded.tomcat.TomcatWebServer  : Tomcat initialized with port(s): 80 (http)
2019-08-22 11:32:51.917  INFO 29272 --- [main] o.apache.catalina.core.StandardService   : Starting service [Tomcat]
2019-08-22 11:32:51.917  INFO 29272 --- [main] org.apache.catalina.core.StandardEngine  : Starting Servlet engine: [Apache Tomcat/9.0.22]
2019-08-22 11:32:52.280  INFO 29272 --- [main] o.a.c.c.C.[Tomcat].[localhost].[/]       : Initializing Spring embedded WebApplicationContext
2019-08-22 11:32:52.280  INFO 29272 --- [main] o.s.web.context.ContextLoader            : Root WebApplicationContext: initialization completed in 11184 ms
2019-08-22 11:32:52.885  WARN 29272 --- [main] ConfigServletWebServerApplicationContext : Exception encountered during context initialization - cancelling refresh attempt: org.springframework.beans.factory.UnsatisfiedDependencyException: Error creating bean with name 'brandController': Unsatisfied dependency expressed through field 'brandService'; nested exception is org.springframework.beans.factory.UnsatisfiedDependencyException: Error creating bean with name 'brandServiceImpl': Unsatisfied dependency expressed through field 'storageService'; nested exception is org.springframework.beans.factory.BeanCreationException: Error creating bean with name 'storageServiceImpl': Injection of autowired dependencies failed; nested exception is java.lang.IllegalArgumentException: Could not resolve placeholder 'staticPath' in value "${staticPath}"
2019-08-22 11:32:52.894  INFO 29272 --- [main] o.apache.catalina.core.StandardService   : Stopping service [Tomcat]
2019-08-22 11:32:52.930 ERROR 29272 --- [main] o.a.c.c.C.[Tomcat].[localhost].[/]       : Failed to destroy the filter named [Tomcat WebSocket (JSR356) Filter] of type [org.apache.tomcat.websocket.server.WsFilter]

java.lang.AbstractMethodError: null
	at org.apache.catalina.core.ApplicationFilterConfig.release(ApplicationFilterConfig.java:301) ~[tomcat-embed-core-9.0.22.jar:9.0.22]
	at org.apache.catalina.core.StandardContext.filterStop(StandardContext.java:4562) [tomcat-embed-core-9.0.22.jar:9.0.22]
	at org.apache.catalina.core.StandardContext.stopInternal(StandardContext.java:5385) [tomcat-embed-core-9.0.22.jar:9.0.22]
	at org.apache.catalina.util.LifecycleBase.stop(LifecycleBase.java:257) [tomcat-embed-core-9.0.22.jar:9.0.22]
	at org.apache.catalina.core.ContainerBase$StopChild.call(ContainerBase.java:1400) [tomcat-embed-core-9.0.22.jar:9.0.22]
	at org.apache.catalina.core.ContainerBase$StopChild.call(ContainerBase.java:1389) [tomcat-embed-core-9.0.22.jar:9.0.22]
	at java.util.concurrent.FutureTask.run$$$capture(FutureTask.java:266) [na:1.8.0_201]
	at java.util.concurrent.FutureTask.run(FutureTask.java) [na:1.8.0_201]
	at org.apache.tomcat.util.threads.InlineExecutorService.execute(InlineExecutorService.java:75) [tomcat-embed-core-9.0.22.jar:9.0.22]
	at java.util.concurrent.AbstractExecutorService.submit(AbstractExecutorService.java:134) [na:1.8.0_201]
	at org.apache.catalina.core.ContainerBase.stopInternal(ContainerBase.java:976) [tomcat-embed-core-9.0.22.jar:9.0.22]
	at org.apache.catalina.util.LifecycleBase.stop(LifecycleBase.java:257) [tomcat-embed-core-9.0.22.jar:9.0.22]
	at org.apache.catalina.core.ContainerBase$StopChild.call(ContainerBase.java:1400) [tomcat-embed-core-9.0.22.jar:9.0.22]
	at org.apache.catalina.core.ContainerBase$StopChild.call(ContainerBase.java:1389) [tomcat-embed-core-9.0.22.jar:9.0.22]
	at java.util.concurrent.FutureTask.run$$$capture(FutureTask.java:266) [na:1.8.0_201]
	at java.util.concurrent.FutureTask.run(FutureTask.java) [na:1.8.0_201]
	at org.apache.tomcat.util.threads.InlineExecutorService.execute(InlineExecutorService.java:75) [tomcat-embed-core-9.0.22.jar:9.0.22]
	at java.util.concurrent.AbstractExecutorService.submit(AbstractExecutorService.java:134) [na:1.8.0_201]
	at org.apache.catalina.core.ContainerBase.stopInternal(ContainerBase.java:976) [tomcat-embed-core-9.0.22.jar:9.0.22]
	at org.apache.catalina.util.LifecycleBase.stop(LifecycleBase.java:257) [tomcat-embed-core-9.0.22.jar:9.0.22]
	at org.apache.catalina.core.StandardService.stopInternal(StandardService.java:473) [tomcat-embed-core-9.0.22.jar:9.0.22]
	at org.apache.catalina.util.LifecycleBase.stop(LifecycleBase.java:257) [tomcat-embed-core-9.0.22.jar:9.0.22]
	at org.apache.catalina.core.StandardServer.stopInternal(StandardServer.java:994) [tomcat-embed-core-9.0.22.jar:9.0.22]
	at org.apache.catalina.util.LifecycleBase.stop(LifecycleBase.java:257) [tomcat-embed-core-9.0.22.jar:9.0.22]
	at org.apache.catalina.startup.Tomcat.stop(Tomcat.java:466) [tomcat-embed-core-9.0.22.jar:9.0.22]
	at org.springframework.boot.web.embedded.tomcat.TomcatWebServer.stopTomcat(TomcatWebServer.java:254) [spring-boot-2.1.7.RELEASE.jar:2.1.7.RELEASE]
	at org.springframework.boot.web.embedded.tomcat.TomcatWebServer.stop(TomcatWebServer.java:309) [spring-boot-2.1.7.RELEASE.jar:2.1.7.RELEASE]
	at org.springframework.boot.web.servlet.context.ServletWebServerApplicationContext.stopAndReleaseWebServer(ServletWebServerApplicationContext.java:306) [spring-boot-2.1.7.RELEASE.jar:2.1.7.RELEASE]
	at org.springframework.boot.web.servlet.context.ServletWebServerApplicationContext.refresh(ServletWebServerApplicationContext.java:144) [spring-boot-2.1.7.RELEASE.jar:2.1.7.RELEASE]
	at org.springframework.boot.SpringApplication.refresh(SpringApplication.java:743) [spring-boot-2.1.7.RELEASE.jar:2.1.7.RELEASE]
	at org.springframework.boot.SpringApplication.refreshContext(SpringApplication.java:390) [spring-boot-2.1.7.RELEASE.jar:2.1.7.RELEASE]
	at org.springframework.boot.SpringApplication.run(SpringApplication.java:312) [spring-boot-2.1.7.RELEASE.jar:2.1.7.RELEASE]
	at org.springframework.boot.SpringApplication.run(SpringApplication.java:1214) [spring-boot-2.1.7.RELEASE.jar:2.1.7.RELEASE]
	at org.springframework.boot.SpringApplication.run(SpringApplication.java:1203) [spring-boot-2.1.7.RELEASE.jar:2.1.7.RELEASE]
	at com.cskaoyan.mall.MallApplication.main(MallApplication.java:14) [classes/:na]

2019-08-22 11:32:53.034  INFO 29272 --- [main] ConditionEvaluationReportLoggingListener : 

Error starting ApplicationContext. To display the conditions report re-run your application with 'debug' enabled.
2019-08-22 11:32:53.104 ERROR 29272 --- [main] o.s.boot.SpringApplication               : Application run failed

org.springframework.beans.factory.UnsatisfiedDependencyException: Error creating bean with name 'brandController': Unsatisfied dependency expressed through field 'brandService'; nested exception is org.springframework.beans.factory.UnsatisfiedDependencyException: Error creating bean with name 'brandServiceImpl': Unsatisfied dependency expressed through field 'storageService'; nested exception is org.springframework.beans.factory.BeanCreationException: Error creating bean with name 'storageServiceImpl': Injection of autowired dependencies failed; nested exception is java.lang.IllegalArgumentException: Could not resolve placeholder 'staticPath' in value "${staticPath}"
	at org.springframework.beans.factory.annotation.AutowiredAnnotationBeanPostProcessor$AutowiredFieldElement.inject(AutowiredAnnotationBeanPostProcessor.java:596) ~[spring-beans-5.1.9.RELEASE.jar:5.1.9.RELEASE]
	at org.springframework.beans.factory.annotation.InjectionMetadata.inject(InjectionMetadata.java:90) ~[spring-beans-5.1.9.RELEASE.jar:5.1.9.RELEASE]
	at org.springframework.beans.factory.annotation.AutowiredAnnotationBeanPostProcessor.postProcessProperties(AutowiredAnnotationBeanPostProcessor.java:374) ~[spring-beans-5.1.9.RELEASE.jar:5.1.9.RELEASE]
	at org.springframework.beans.factory.support.AbstractAutowireCapableBeanFactory.populateBean(AbstractAutowireCapableBeanFactory.java:1411) ~[spring-beans-5.1.9.RELEASE.jar:5.1.9.RELEASE]
	at org.springframework.beans.factory.support.AbstractAutowireCapableBeanFactory.doCreateBean(AbstractAutowireCapableBeanFactory.java:592) ~[spring-beans-5.1.9.RELEASE.jar:5.1.9.RELEASE]
	at org.springframework.beans.factory.support.AbstractAutowireCapableBeanFactory.createBean(AbstractAutowireCapableBeanFactory.java:515) ~[spring-beans-5.1.9.RELEASE.jar:5.1.9.RELEASE]
	at org.springframework.beans.factory.support.AbstractBeanFactory.lambda$doGetBean$0(AbstractBeanFactory.java:320) ~[spring-beans-5.1.9.RELEASE.jar:5.1.9.RELEASE]
	at org.springframework.beans.factory.support.DefaultSingletonBeanRegistry.getSingleton(DefaultSingletonBeanRegistry.java:222) ~[spring-beans-5.1.9.RELEASE.jar:5.1.9.RELEASE]
	at org.springframework.beans.factory.support.AbstractBeanFactory.doGetBean(AbstractBeanFactory.java:318) ~[spring-beans-5.1.9.RELEASE.jar:5.1.9.RELEASE]
	at org.springframework.beans.factory.support.AbstractBeanFactory.getBean(AbstractBeanFactory.java:199) ~[spring-beans-5.1.9.RELEASE.jar:5.1.9.RELEASE]
	at org.springframework.beans.factory.support.DefaultListableBeanFactory.preInstantiateSingletons(DefaultListableBeanFactory.java:845) ~[spring-beans-5.1.9.RELEASE.jar:5.1.9.RELEASE]
	at org.springframework.context.support.AbstractApplicationContext.finishBeanFactoryInitialization(AbstractApplicationContext.java:877) ~[spring-context-5.1.9.RELEASE.jar:5.1.9.RELEASE]
	at org.springframework.context.support.AbstractApplicationContext.refresh(AbstractApplicationContext.java:549) ~[spring-context-5.1.9.RELEASE.jar:5.1.9.RELEASE]
	at org.springframework.boot.web.servlet.context.ServletWebServerApplicationContext.refresh(ServletWebServerApplicationContext.java:141) ~[spring-boot-2.1.7.RELEASE.jar:2.1.7.RELEASE]
	at org.springframework.boot.SpringApplication.refresh(SpringApplication.java:743) [spring-boot-2.1.7.RELEASE.jar:2.1.7.RELEASE]
	at org.springframework.boot.SpringApplication.refreshContext(SpringApplication.java:390) [spring-boot-2.1.7.RELEASE.jar:2.1.7.RELEASE]
	at org.springframework.boot.SpringApplication.run(SpringApplication.java:312) [spring-boot-2.1.7.RELEASE.jar:2.1.7.RELEASE]
	at org.springframework.boot.SpringApplication.run(SpringApplication.java:1214) [spring-boot-2.1.7.RELEASE.jar:2.1.7.RELEASE]
	at org.springframework.boot.SpringApplication.run(SpringApplication.java:1203) [spring-boot-2.1.7.RELEASE.jar:2.1.7.RELEASE]
	at com.cskaoyan.mall.MallApplication.main(MallApplication.java:14) [classes/:na]
Caused by: org.springframework.beans.factory.UnsatisfiedDependencyException: Error creating bean with name 'brandServiceImpl': Unsatisfied dependency expressed through field 'storageService'; nested exception is org.springframework.beans.factory.BeanCreationException: Error creating bean with name 'storageServiceImpl': Injection of autowired dependencies failed; nested exception is java.lang.IllegalArgumentException: Could not resolve placeholder 'staticPath' in value "${staticPath}"
	at org.springframework.beans.factory.annotation.AutowiredAnnotationBeanPostProcessor$AutowiredFieldElement.inject(AutowiredAnnotationBeanPostProcessor.java:596) ~[spring-beans-5.1.9.RELEASE.jar:5.1.9.RELEASE]
	at org.springframework.beans.factory.annotation.InjectionMetadata.inject(InjectionMetadata.java:90) ~[spring-beans-5.1.9.RELEASE.jar:5.1.9.RELEASE]
	at org.springframework.beans.factory.annotation.AutowiredAnnotationBeanPostProcessor.postProcessProperties(AutowiredAnnotationBeanPostProcessor.java:374) ~[spring-beans-5.1.9.RELEASE.jar:5.1.9.RELEASE]
	at org.springframework.beans.factory.support.AbstractAutowireCapableBeanFactory.populateBean(AbstractAutowireCapableBeanFactory.java:1411) ~[spring-beans-5.1.9.RELEASE.jar:5.1.9.RELEASE]
	at org.springframework.beans.factory.support.AbstractAutowireCapableBeanFactory.doCreateBean(AbstractAutowireCapableBeanFactory.java:592) ~[spring-beans-5.1.9.RELEASE.jar:5.1.9.RELEASE]
	at org.springframework.beans.factory.support.AbstractAutowireCapableBeanFactory.createBean(AbstractAutowireCapableBeanFactory.java:515) ~[spring-beans-5.1.9.RELEASE.jar:5.1.9.RELEASE]
	at org.springframework.beans.factory.support.AbstractBeanFactory.lambda$doGetBean$0(AbstractBeanFactory.java:320) ~[spring-beans-5.1.9.RELEASE.jar:5.1.9.RELEASE]
	at org.springframework.beans.factory.support.DefaultSingletonBeanRegistry.getSingleton(DefaultSingletonBeanRegistry.java:222) ~[spring-beans-5.1.9.RELEASE.jar:5.1.9.RELEASE]
	at org.springframework.beans.factory.support.AbstractBeanFactory.doGetBean(AbstractBeanFactory.java:318) ~[spring-beans-5.1.9.RELEASE.jar:5.1.9.RELEASE]
	at org.springframework.beans.factory.support.AbstractBeanFactory.getBean(AbstractBeanFactory.java:199) ~[spring-beans-5.1.9.RELEASE.jar:5.1.9.RELEASE]
	at org.springframework.beans.factory.config.DependencyDescriptor.resolveCandidate(DependencyDescriptor.java:277) ~[spring-beans-5.1.9.RELEASE.jar:5.1.9.RELEASE]
	at org.springframework.beans.factory.support.DefaultListableBeanFactory.doResolveDependency(DefaultListableBeanFactory.java:1251) ~[spring-beans-5.1.9.RELEASE.jar:5.1.9.RELEASE]
	at org.springframework.beans.factory.support.DefaultListableBeanFactory.resolveDependency(DefaultListableBeanFactory.java:1171) ~[spring-beans-5.1.9.RELEASE.jar:5.1.9.RELEASE]
	at org.springframework.beans.factory.annotation.AutowiredAnnotationBeanPostProcessor$AutowiredFieldElement.inject(AutowiredAnnotationBeanPostProcessor.java:593) ~[spring-beans-5.1.9.RELEASE.jar:5.1.9.RELEASE]
	... 19 common frames omitted
Caused by: org.springframework.beans.factory.BeanCreationException: Error creating bean with name 'storageServiceImpl': Injection of autowired dependencies failed; nested exception is java.lang.IllegalArgumentException: Could not resolve placeholder 'staticPath' in value "${staticPath}"
	at org.springframework.beans.factory.annotation.AutowiredAnnotationBeanPostProcessor.postProcessProperties(AutowiredAnnotationBeanPostProcessor.java:380) ~[spring-beans-5.1.9.RELEASE.jar:5.1.9.RELEASE]
	at org.springframework.beans.factory.support.AbstractAutowireCapableBeanFactory.populateBean(AbstractAutowireCapableBeanFactory.java:1411) ~[spring-beans-5.1.9.RELEASE.jar:5.1.9.RELEASE]
	at org.springframework.beans.factory.support.AbstractAutowireCapableBeanFactory.doCreateBean(AbstractAutowireCapableBeanFactory.java:592) ~[spring-beans-5.1.9.RELEASE.jar:5.1.9.RELEASE]
	at org.springframework.beans.factory.support.AbstractAutowireCapableBeanFactory.createBean(AbstractAutowireCapableBeanFactory.java:515) ~[spring-beans-5.1.9.RELEASE.jar:5.1.9.RELEASE]
	at org.springframework.beans.factory.support.AbstractBeanFactory.lambda$doGetBean$0(AbstractBeanFactory.java:320) ~[spring-beans-5.1.9.RELEASE.jar:5.1.9.RELEASE]
	at org.springframework.beans.factory.support.DefaultSingletonBeanRegistry.getSingleton(DefaultSingletonBeanRegistry.java:222) ~[spring-beans-5.1.9.RELEASE.jar:5.1.9.RELEASE]
	at org.springframework.beans.factory.support.AbstractBeanFactory.doGetBean(AbstractBeanFactory.java:318) ~[spring-beans-5.1.9.RELEASE.jar:5.1.9.RELEASE]
	at org.springframework.beans.factory.support.AbstractBeanFactory.getBean(AbstractBeanFactory.java:199) ~[spring-beans-5.1.9.RELEASE.jar:5.1.9.RELEASE]
	at org.springframework.beans.factory.config.DependencyDescriptor.resolveCandidate(DependencyDescriptor.java:277) ~[spring-beans-5.1.9.RELEASE.jar:5.1.9.RELEASE]
	at org.springframework.beans.factory.support.DefaultListableBeanFactory.doResolveDependency(DefaultListableBeanFactory.java:1251) ~[spring-beans-5.1.9.RELEASE.jar:5.1.9.RELEASE]
	at org.springframework.beans.factory.support.DefaultListableBeanFactory.resolveDependency(DefaultListableBeanFactory.java:1171) ~[spring-beans-5.1.9.RELEASE.jar:5.1.9.RELEASE]
	at org.springframework.beans.factory.annotation.AutowiredAnnotationBeanPostProcessor$AutowiredFieldElement.inject(AutowiredAnnotationBeanPostProcessor.java:593) ~[spring-beans-5.1.9.RELEASE.jar:5.1.9.RELEASE]
	... 32 common frames omitted
Caused by: java.lang.IllegalArgumentException: Could not resolve placeholder 'staticPath' in value "${staticPath}"
	at org.springframework.util.PropertyPlaceholderHelper.parseStringValue(PropertyPlaceholderHelper.java:178) ~[spring-core-5.1.9.RELEASE.jar:5.1.9.RELEASE]
	at org.springframework.util.PropertyPlaceholderHelper.replacePlaceholders(PropertyPlaceholderHelper.java:124) ~[spring-core-5.1.9.RELEASE.jar:5.1.9.RELEASE]
	at org.springframework.core.env.AbstractPropertyResolver.doResolvePlaceholders(AbstractPropertyResolver.java:237) ~[spring-core-5.1.9.RELEASE.jar:5.1.9.RELEASE]
	at org.springframework.core.env.AbstractPropertyResolver.resolveRequiredPlaceholders(AbstractPropertyResolver.java:211) ~[spring-core-5.1.9.RELEASE.jar:5.1.9.RELEASE]
	at org.springframework.core.env.AbstractPropertyResolver.resolveNestedPlaceholders(AbstractPropertyResolver.java:228) ~[spring-core-5.1.9.RELEASE.jar:5.1.9.RELEASE]
	at org.springframework.core.env.PropertySourcesPropertyResolver.getProperty(PropertySourcesPropertyResolver.java:88) ~[spring-core-5.1.9.RELEASE.jar:5.1.9.RELEASE]
	at org.springframework.core.env.PropertySourcesPropertyResolver.getProperty(PropertySourcesPropertyResolver.java:62) ~[spring-core-5.1.9.RELEASE.jar:5.1.9.RELEASE]
	at org.springframework.core.env.AbstractEnvironment.getProperty(AbstractEnvironment.java:539) ~[spring-core-5.1.9.RELEASE.jar:5.1.9.RELEASE]
	at org.springframework.context.support.PropertySourcesPlaceholderConfigurer$1.getProperty(PropertySourcesPlaceholderConfigurer.java:137) ~[spring-context-5.1.9.RELEASE.jar:5.1.9.RELEASE]
	at org.springframework.context.support.PropertySourcesPlaceholderConfigurer$1.getProperty(PropertySourcesPlaceholderConfigurer.java:133) ~[spring-context-5.1.9.RELEASE.jar:5.1.9.RELEASE]
	at org.springframework.core.env.PropertySourcesPropertyResolver.getProperty(PropertySourcesPropertyResolver.java:85) ~[spring-core-5.1.9.RELEASE.jar:5.1.9.RELEASE]
	at org.springframework.core.env.PropertySourcesPropertyResolver.getPropertyAsRawString(PropertySourcesPropertyResolver.java:74) ~[spring-core-5.1.9.RELEASE.jar:5.1.9.RELEASE]
	at org.springframework.util.PropertyPlaceholderHelper.parseStringValue(PropertyPlaceholderHelper.java:151) ~[spring-core-5.1.9.RELEASE.jar:5.1.9.RELEASE]
	at org.springframework.util.PropertyPlaceholderHelper.replacePlaceholders(PropertyPlaceholderHelper.java:124) ~[spring-core-5.1.9.RELEASE.jar:5.1.9.RELEASE]
	at org.springframework.core.env.AbstractPropertyResolver.doResolvePlaceholders(AbstractPropertyResolver.java:237) ~[spring-core-5.1.9.RELEASE.jar:5.1.9.RELEASE]
	at org.springframework.core.env.AbstractPropertyResolver.resolveRequiredPlaceholders(AbstractPropertyResolver.java:211) ~[spring-core-5.1.9.RELEASE.jar:5.1.9.RELEASE]
	at org.springframework.context.support.PropertySourcesPlaceholderConfigurer.lambda$processProperties$0(PropertySourcesPlaceholderConfigurer.java:175) ~[spring-context-5.1.9.RELEASE.jar:5.1.9.RELEASE]
	at org.springframework.beans.factory.support.AbstractBeanFactory.resolveEmbeddedValue(AbstractBeanFactory.java:851) ~[spring-beans-5.1.9.RELEASE.jar:5.1.9.RELEASE]
	at org.springframework.beans.factory.support.DefaultListableBeanFactory.doResolveDependency(DefaultListableBeanFactory.java:1192) ~[spring-beans-5.1.9.RELEASE.jar:5.1.9.RELEASE]
	at org.springframework.beans.factory.support.DefaultListableBeanFactory.resolveDependency(DefaultListableBeanFactory.java:1171) ~[spring-beans-5.1.9.RELEASE.jar:5.1.9.RELEASE]
	at org.springframework.beans.factory.annotation.AutowiredAnnotationBeanPostProcessor$AutowiredFieldElement.inject(AutowiredAnnotationBeanPostProcessor.java:593) ~[spring-beans-5.1.9.RELEASE.jar:5.1.9.RELEASE]
	at org.springframework.beans.factory.annotation.InjectionMetadata.inject(InjectionMetadata.java:90) ~[spring-beans-5.1.9.RELEASE.jar:5.1.9.RELEASE]
	at org.springframework.beans.factory.annotation.AutowiredAnnotationBeanPostProcessor.postProcessProperties(AutowiredAnnotationBeanPostProcessor.java:374) ~[spring-beans-5.1.9.RELEASE.jar:5.1.9.RELEASE]
	... 43 common frames omitted

2019-08-22 11:36:50.714  INFO 34020 --- [main] com.cskaoyan.mall.MallApplication        : Starting MallApplication on Xin-Zhang with PID 34020 (C:\GitRepository\mall\project\target\classes started by xin.zhang in C:\GitRepository\mall)
2019-08-22 11:36:50.721  INFO 34020 --- [main] com.cskaoyan.mall.MallApplication        : The following profiles are active: db
2019-08-22 11:36:55.113  INFO 34020 --- [main] trationDelegate$BeanPostProcessorChecker : Bean 'org.springframework.transaction.annotation.ProxyTransactionManagementConfiguration' of type [org.springframework.transaction.annotation.ProxyTransactionManagementConfiguration$$EnhancerBySpringCGLIB$$e92ee562] is not eligible for getting processed by all BeanPostProcessors (for example: not eligible for auto-proxying)
2019-08-22 11:36:55.438  INFO 34020 --- [main] trationDelegate$BeanPostProcessorChecker : Bean 'shiroConfig' of type [com.cskaoyan.mall.config.ShiroConfig$$EnhancerBySpringCGLIB$$50937f84] is not eligible for getting processed by all BeanPostProcessors (for example: not eligible for auto-proxying)
2019-08-22 11:36:55.507  INFO 34020 --- [main] trationDelegate$BeanPostProcessorChecker : Bean 'corsConfig' of type [com.cskaoyan.mall.config.CorsConfig$$EnhancerBySpringCGLIB$$aeb758ec] is not eligible for getting processed by all BeanPostProcessors (for example: not eligible for auto-proxying)
2019-08-22 11:36:55.513  INFO 34020 --- [main] trationDelegate$BeanPostProcessorChecker : Bean 'org.springframework.boot.autoconfigure.jdbc.DataSourceConfiguration$Generic' of type [org.springframework.boot.autoconfigure.jdbc.DataSourceConfiguration$Generic$$EnhancerBySpringCGLIB$$cae9c984] is not eligible for getting processed by all BeanPostProcessors (for example: not eligible for auto-proxying)
2019-08-22 11:36:55.587  INFO 34020 --- [main] trationDelegate$BeanPostProcessorChecker : Bean 'spring.datasource-org.springframework.boot.autoconfigure.jdbc.DataSourceProperties' of type [org.springframework.boot.autoconfigure.jdbc.DataSourceProperties] is not eligible for getting processed by all BeanPostProcessors (for example: not eligible for auto-proxying)
2019-08-22 11:36:55.773  INFO 34020 --- [main] trationDelegate$BeanPostProcessorChecker : Bean 'dataSource' of type [com.alibaba.druid.pool.DruidDataSource] is not eligible for getting processed by all BeanPostProcessors (for example: not eligible for auto-proxying)
2019-08-22 11:36:56.029  INFO 34020 --- [main] trationDelegate$BeanPostProcessorChecker : Bean 'org.springframework.boot.autoconfigure.jdbc.DataSourceInitializerInvoker' of type [org.springframework.boot.autoconfigure.jdbc.DataSourceInitializerInvoker] is not eligible for getting processed by all BeanPostProcessors (for example: not eligible for auto-proxying)
2019-08-22 11:36:56.388  INFO 34020 --- [main] trationDelegate$BeanPostProcessorChecker : Bean 'sqlSessionFactoryBean' of type [org.mybatis.spring.SqlSessionFactoryBean] is not eligible for getting processed by all BeanPostProcessors (for example: not eligible for auto-proxying)
2019-08-22 11:36:56.407  INFO 34020 --- [main] trationDelegate$BeanPostProcessorChecker : Bean 'sqlSessionFactoryBean' of type [org.apache.ibatis.session.defaults.DefaultSqlSessionFactory] is not eligible for getting processed by all BeanPostProcessors (for example: not eligible for auto-proxying)
2019-08-22 11:36:56.445  INFO 34020 --- [main] trationDelegate$BeanPostProcessorChecker : Bean 'mybatis-org.mybatis.spring.boot.autoconfigure.MybatisProperties' of type [org.mybatis.spring.boot.autoconfigure.MybatisProperties] is not eligible for getting processed by all BeanPostProcessors (for example: not eligible for auto-proxying)
2019-08-22 11:36:56.472  INFO 34020 --- [main] trationDelegate$BeanPostProcessorChecker : Bean 'org.mybatis.spring.boot.autoconfigure.MybatisAutoConfiguration' of type [org.mybatis.spring.boot.autoconfigure.MybatisAutoConfiguration$$EnhancerBySpringCGLIB$$1c033692] is not eligible for getting processed by all BeanPostProcessors (for example: not eligible for auto-proxying)
2019-08-22 11:36:56.512  INFO 34020 --- [main] trationDelegate$BeanPostProcessorChecker : Bean 'sqlSessionTemplate' of type [org.mybatis.spring.SqlSessionTemplate] is not eligible for getting processed by all BeanPostProcessors (for example: not eligible for auto-proxying)
2019-08-22 11:36:57.071  INFO 34020 --- [main] trationDelegate$BeanPostProcessorChecker : Bean 'adminMapper' of type [org.mybatis.spring.mapper.MapperFactoryBean] is not eligible for getting processed by all BeanPostProcessors (for example: not eligible for auto-proxying)
2019-08-22 11:36:57.079  INFO 34020 --- [main] trationDelegate$BeanPostProcessorChecker : Bean 'adminMapper' of type [com.sun.proxy.$Proxy70] is not eligible for getting processed by all BeanPostProcessors (for example: not eligible for auto-proxying)
2019-08-22 11:36:57.236  INFO 34020 --- [main] trationDelegate$BeanPostProcessorChecker : Bean 'roleMapper' of type [org.mybatis.spring.mapper.MapperFactoryBean] is not eligible for getting processed by all BeanPostProcessors (for example: not eligible for auto-proxying)
2019-08-22 11:36:57.241  INFO 34020 --- [main] trationDelegate$BeanPostProcessorChecker : Bean 'roleMapper' of type [com.sun.proxy.$Proxy72] is not eligible for getting processed by all BeanPostProcessors (for example: not eligible for auto-proxying)
2019-08-22 11:36:57.314  INFO 34020 --- [main] trationDelegate$BeanPostProcessorChecker : Bean 'logMapper' of type [org.mybatis.spring.mapper.MapperFactoryBean] is not eligible for getting processed by all BeanPostProcessors (for example: not eligible for auto-proxying)
2019-08-22 11:36:57.319  INFO 34020 --- [main] trationDelegate$BeanPostProcessorChecker : Bean 'logMapper' of type [com.sun.proxy.$Proxy73] is not eligible for getting processed by all BeanPostProcessors (for example: not eligible for auto-proxying)
2019-08-22 11:36:57.365  INFO 34020 --- [main] trationDelegate$BeanPostProcessorChecker : Bean 'systemPermissionsMapper' of type [org.mybatis.spring.mapper.MapperFactoryBean] is not eligible for getting processed by all BeanPostProcessors (for example: not eligible for auto-proxying)
2019-08-22 11:36:57.369  INFO 34020 --- [main] trationDelegate$BeanPostProcessorChecker : Bean 'systemPermissionsMapper' of type [com.sun.proxy.$Proxy74] is not eligible for getting processed by all BeanPostProcessors (for example: not eligible for auto-proxying)
2019-08-22 11:36:57.428  INFO 34020 --- [main] trationDelegate$BeanPostProcessorChecker : Bean 'permissionMapper' of type [org.mybatis.spring.mapper.MapperFactoryBean] is not eligible for getting processed by all BeanPostProcessors (for example: not eligible for auto-proxying)
2019-08-22 11:36:57.431  INFO 34020 --- [main] trationDelegate$BeanPostProcessorChecker : Bean 'permissionMapper' of type [com.sun.proxy.$Proxy75] is not eligible for getting processed by all BeanPostProcessors (for example: not eligible for auto-proxying)
2019-08-22 11:36:57.437  INFO 34020 --- [main] trationDelegate$BeanPostProcessorChecker : Bean 'adminServiceImpl' of type [com.cskaoyan.mall.service.lxs.AdminServiceImpl] is not eligible for getting processed by all BeanPostProcessors (for example: not eligible for auto-proxying)
2019-08-22 11:36:57.447  INFO 34020 --- [main] trationDelegate$BeanPostProcessorChecker : Bean 'roleServiceImpl' of type [com.cskaoyan.mall.service.lxt.impl.RoleServiceImpl] is not eligible for getting processed by all BeanPostProcessors (for example: not eligible for auto-proxying)
2019-08-22 11:36:57.483  INFO 34020 --- [main] trationDelegate$BeanPostProcessorChecker : Bean 'permissionServiceImpl' of type [com.cskaoyan.mall.service.lxt.impl.PermissionServiceImpl] is not eligible for getting processed by all BeanPostProcessors (for example: not eligible for auto-proxying)
2019-08-22 11:36:57.543  INFO 34020 --- [main] trationDelegate$BeanPostProcessorChecker : Bean 'userMapper' of type [org.mybatis.spring.mapper.MapperFactoryBean] is not eligible for getting processed by all BeanPostProcessors (for example: not eligible for auto-proxying)
2019-08-22 11:36:57.546  INFO 34020 --- [main] trationDelegate$BeanPostProcessorChecker : Bean 'userMapper' of type [com.sun.proxy.$Proxy76] is not eligible for getting processed by all BeanPostProcessors (for example: not eligible for auto-proxying)
2019-08-22 11:36:57.548  INFO 34020 --- [main] trationDelegate$BeanPostProcessorChecker : Bean 'userServiceImpl' of type [com.cskaoyan.mall.service.lxt.impl.UserServiceImpl] is not eligible for getting processed by all BeanPostProcessors (for example: not eligible for auto-proxying)
2019-08-22 11:36:57.553  INFO 34020 --- [main] trationDelegate$BeanPostProcessorChecker : Bean 'customRealm' of type [com.cskaoyan.mall.realm.CustomRealm] is not eligible for getting processed by all BeanPostProcessors (for example: not eligible for auto-proxying)
2019-08-22 11:36:57.581  INFO 34020 --- [main] trationDelegate$BeanPostProcessorChecker : Bean 'cacheManager' of type [org.apache.shiro.cache.ehcache.EhCacheManager] is not eligible for getting processed by all BeanPostProcessors (for example: not eligible for auto-proxying)
2019-08-22 11:36:57.615  INFO 34020 --- [main] trationDelegate$BeanPostProcessorChecker : Bean 'sessionManager' of type [com.cskaoyan.mall.config.MallSessionManager] is not eligible for getting processed by all BeanPostProcessors (for example: not eligible for auto-proxying)
2019-08-22 11:36:57.854  INFO 34020 --- [main] o.a.shiro.cache.ehcache.EhCacheManager   : Cache with name 'com.cskaoyan.mall.realm.CustomRealm.authorizationCache' does not yet exist.  Creating now.
2019-08-22 11:36:57.906  INFO 34020 --- [main] o.a.shiro.cache.ehcache.EhCacheManager   : Added EhCache named [com.cskaoyan.mall.realm.CustomRealm.authorizationCache]
2019-08-22 11:36:58.104  INFO 34020 --- [main] trationDelegate$BeanPostProcessorChecker : Bean 'securityManager' of type [org.apache.shiro.web.mgt.DefaultWebSecurityManager] is not eligible for getting processed by all BeanPostProcessors (for example: not eligible for auto-proxying)
2019-08-22 11:36:58.133  INFO 34020 --- [main] trationDelegate$BeanPostProcessorChecker : Bean 'authorizationAttributeSourceAdvisor' of type [org.apache.shiro.spring.security.interceptor.AuthorizationAttributeSourceAdvisor] is not eligible for getting processed by all BeanPostProcessors (for example: not eligible for auto-proxying)
2019-08-22 11:36:58.746  INFO 34020 --- [main] o.s.b.w.embedded.tomcat.TomcatWebServer  : Tomcat initialized with port(s): 80 (http)
2019-08-22 11:36:58.796  INFO 34020 --- [main] o.apache.catalina.core.StandardService   : Starting service [Tomcat]
2019-08-22 11:36:58.796  INFO 34020 --- [main] org.apache.catalina.core.StandardEngine  : Starting Servlet engine: [Apache Tomcat/9.0.22]
2019-08-22 11:36:59.127  INFO 34020 --- [main] o.a.c.c.C.[Tomcat].[localhost].[/]       : Initializing Spring embedded WebApplicationContext
2019-08-22 11:36:59.127  INFO 34020 --- [main] o.s.web.context.ContextLoader            : Root WebApplicationContext: initialization completed in 8217 ms
2019-08-22 11:37:01.001  INFO 34020 --- [main] f.a.AutowiredAnnotationBeanPostProcessor : Autowired annotation should only be used on methods with parameters: public com.cskaoyan.mall.bean.BaseRespModel com.cskaoyan.mall.controller.xw.WxHomeController.homeShow()
2019-08-22 11:37:01.706  INFO 34020 --- [main] com.alibaba.druid.pool.DruidDataSource   : {dataSource-1} inited
2019-08-22 11:37:02.690 DEBUG 34020 --- [main] c.c.m.mapper.AdMapper.selectByExample    : ==>  Preparing: select id, name, link, url, position, content, start_time, end_time, enabled, add_time, update_time, deleted from cskaoyan_mall_ad /*根据order和sort查询adlist*/ 
2019-08-22 11:37:02.783 DEBUG 34020 --- [main] c.c.m.mapper.AdMapper.selectByExample    : ==> Parameters: 
2019-08-22 11:37:02.893 DEBUG 34020 --- [main] c.c.m.mapper.AdMapper.selectByExample    : <==      Total: 3
2019-08-22 11:37:02.918 DEBUG 34020 --- [main] c.c.m.m.BrandMapper.selectByExample      : ==>  Preparing: select id, cskaoyan_mall_brand.name, cskaoyan_mall_brand.desc, pic_url, sort_order, floor_price, add_time, update_time, deleted from cskaoyan_mall_brand order by id desc 
2019-08-22 11:37:02.950 DEBUG 34020 --- [main] c.c.m.m.BrandMapper.selectByExample      : ==> Parameters: 
2019-08-22 11:37:03.014 DEBUG 34020 --- [main] c.c.m.m.BrandMapper.selectByExample      : <==      Total: 49
2019-08-22 11:37:03.153 DEBUG 34020 --- [main] c.c.m.m.CategoryMapper.selectByExample   : ==>  Preparing: select id, cskaoyan_mall_category.name, keywords, cskaoyan_mall_category.desc, pid, icon_url, pic_url, level, sort_order, add_time, update_time, deleted from cskaoyan_mall_category WHERE ( level = ? ) 
2019-08-22 11:37:03.155 DEBUG 34020 --- [main] c.c.m.m.CategoryMapper.selectByExample   : ==> Parameters: L1(String)
2019-08-22 11:37:03.181 DEBUG 34020 --- [main] c.c.m.m.CategoryMapper.selectByExample   : <==      Total: 9
2019-08-22 11:37:03.197 DEBUG 34020 --- [main] c.c.m.m.CouponMapper.selectByExample     : ==>  Preparing: select id, `name`, `desc`, tag, total, discount, `min`, `limit`, `type`, `status`, goods_type, goods_value, code, time_type, `days`, start_time, end_time, add_time, update_time, deleted from cskaoyan_mall_coupon order by id desc 
2019-08-22 11:37:03.198 DEBUG 34020 --- [main] c.c.m.m.CouponMapper.selectByExample     : ==> Parameters: 
2019-08-22 11:37:03.214 DEBUG 34020 --- [main] c.c.m.m.CouponMapper.selectByExample     : <==      Total: 4
2019-08-22 11:37:04.954  INFO 34020 --- [main] o.s.s.concurrent.ThreadPoolTaskExecutor  : Initializing ExecutorService 'applicationTaskExecutor'
2019-08-22 11:37:06.514  WARN 34020 --- [main] o.s.b.a.f.FreeMarkerAutoConfiguration    : Cannot find template location(s): [classpath:/templates/] (please add some templates, check your FreeMarker configuration, or set spring.freemarker.checkTemplateLocation=false)
2019-08-22 11:37:07.117  INFO 34020 --- [main] o.s.b.w.embedded.tomcat.TomcatWebServer  : Tomcat started on port(s): 80 (http) with context path ''
2019-08-22 11:37:07.125  INFO 34020 --- [main] com.cskaoyan.mall.MallApplication        : Started MallApplication in 18.971 seconds (JVM running for 22.416)
2019-08-22 11:47:12.986  INFO 34020 --- [http-nio-80-exec-2] o.a.c.c.C.[Tomcat].[localhost].[/]       : Initializing Spring DispatcherServlet 'dispatcherServlet'
2019-08-22 11:47:12.987  INFO 34020 --- [http-nio-80-exec-2] o.s.web.servlet.DispatcherServlet        : Initializing Servlet 'dispatcherServlet'
2019-08-22 11:47:13.057  INFO 34020 --- [http-nio-80-exec-2] o.s.web.servlet.DispatcherServlet        : Completed initialization in 67 ms
2019-08-22 11:47:13.127  INFO 34020 --- [http-nio-80-exec-2] a.s.s.m.AbstractValidatingSessionManager : Enabling session validation scheduler...
2019-08-22 11:47:13.127  INFO 34020 --- [http-nio-80-exec-1] a.s.s.m.AbstractValidatingSessionManager : Enabling session validation scheduler...
2019-08-22 11:47:13.282 DEBUG 34020 --- [http-nio-80-exec-1] c.c.m.mapper.AdMapper.selectByExample    : ==>  Preparing: select id, name, link, url, position, content, start_time, end_time, enabled, add_time, update_time, deleted from cskaoyan_mall_ad /*根据order和sort查询adlist*/ 
2019-08-22 11:47:13.284 DEBUG 34020 --- [http-nio-80-exec-1] c.c.m.mapper.AdMapper.selectByExample    : ==> Parameters: 
2019-08-22 11:47:13.288 DEBUG 34020 --- [http-nio-80-exec-1] c.c.m.mapper.AdMapper.selectByExample    : <==      Total: 3
2019-08-22 11:47:13.326 DEBUG 34020 --- [http-nio-80-exec-1] c.c.m.m.BrandMapper.selectByExample      : ==>  Preparing: select id, cskaoyan_mall_brand.name, cskaoyan_mall_brand.desc, pic_url, sort_order, floor_price, add_time, update_time, deleted from cskaoyan_mall_brand order by id desc 
2019-08-22 11:47:13.327 DEBUG 34020 --- [http-nio-80-exec-1] c.c.m.m.BrandMapper.selectByExample      : ==> Parameters: 
2019-08-22 11:47:13.341 DEBUG 34020 --- [http-nio-80-exec-1] c.c.m.m.BrandMapper.selectByExample      : <==      Total: 49
2019-08-22 11:47:13.342 DEBUG 34020 --- [http-nio-80-exec-1] c.c.m.m.CategoryMapper.selectByExample   : ==>  Preparing: select id, cskaoyan_mall_category.name, keywords, cskaoyan_mall_category.desc, pid, icon_url, pic_url, level, sort_order, add_time, update_time, deleted from cskaoyan_mall_category WHERE ( level = ? ) 
2019-08-22 11:47:13.360 DEBUG 34020 --- [http-nio-80-exec-1] c.c.m.m.CategoryMapper.selectByExample   : ==> Parameters: L1(String)
2019-08-22 11:47:13.370 DEBUG 34020 --- [http-nio-80-exec-1] c.c.m.m.CategoryMapper.selectByExample   : <==      Total: 9
2019-08-22 11:47:13.372 DEBUG 34020 --- [http-nio-80-exec-1] c.c.m.m.CouponMapper.selectByExample     : ==>  Preparing: select id, `name`, `desc`, tag, total, discount, `min`, `limit`, `type`, `status`, goods_type, goods_value, code, time_type, `days`, start_time, end_time, add_time, update_time, deleted from cskaoyan_mall_coupon order by id desc 
2019-08-22 11:47:13.373 DEBUG 34020 --- [http-nio-80-exec-1] c.c.m.m.CouponMapper.selectByExample     : ==> Parameters: 
2019-08-22 11:47:13.379 DEBUG 34020 --- [http-nio-80-exec-1] c.c.m.m.CouponMapper.selectByExample     : <==      Total: 4
