2019-08-21 16:09:09.847  INFO 21172 --- [main] com.cskaoyan.mall.MallApplication        : Starting MallApplication on DESKTOP-EG82TKP with PID 21172 (F:\mall\mall\project\target\classes started by 15926 in F:\mall\mall\project)
2019-08-21 16:09:09.868  INFO 21172 --- [main] com.cskaoyan.mall.MallApplication        : The following profiles are active: db
2019-08-21 16:09:13.078  INFO 21172 --- [main] trationDelegate$BeanPostProcessorChecker : Bean 'shiroConfig' of type [com.cskaoyan.mall.config.ShiroConfig$$EnhancerBySpringCGLIB$$1b96bcd5] is not eligible for getting processed by all BeanPostProcessors (for example: not eligible for auto-proxying)
2019-08-21 16:09:13.108  INFO 21172 --- [main] trationDelegate$BeanPostProcessorChecker : Bean 'org.springframework.transaction.annotation.ProxyTransactionManagementConfiguration' of type [org.springframework.transaction.annotation.ProxyTransactionManagementConfiguration$$EnhancerBySpringCGLIB$$b43222b3] is not eligible for getting processed by all BeanPostProcessors (for example: not eligible for auto-proxying)
2019-08-21 16:09:13.263  INFO 21172 --- [main] trationDelegate$BeanPostProcessorChecker : Bean 'corsConfig' of type [com.cskaoyan.mall.config.CorsConfig$$EnhancerBySpringCGLIB$$79ba963d] is not eligible for getting processed by all BeanPostProcessors (for example: not eligible for auto-proxying)
2019-08-21 16:09:13.268  INFO 21172 --- [main] trationDelegate$BeanPostProcessorChecker : Bean 'org.springframework.boot.autoconfigure.jdbc.DataSourceConfiguration$Generic' of type [org.springframework.boot.autoconfigure.jdbc.DataSourceConfiguration$Generic$$EnhancerBySpringCGLIB$$95ed06d5] is not eligible for getting processed by all BeanPostProcessors (for example: not eligible for auto-proxying)
2019-08-21 16:09:13.441  INFO 21172 --- [main] trationDelegate$BeanPostProcessorChecker : Bean 'spring.datasource-org.springframework.boot.autoconfigure.jdbc.DataSourceProperties' of type [org.springframework.boot.autoconfigure.jdbc.DataSourceProperties] is not eligible for getting processed by all BeanPostProcessors (for example: not eligible for auto-proxying)
2019-08-21 16:09:13.669  INFO 21172 --- [main] trationDelegate$BeanPostProcessorChecker : Bean 'dataSource' of type [com.alibaba.druid.pool.DruidDataSource] is not eligible for getting processed by all BeanPostProcessors (for example: not eligible for auto-proxying)
2019-08-21 16:09:13.727  INFO 21172 --- [main] trationDelegate$BeanPostProcessorChecker : Bean 'org.springframework.boot.autoconfigure.jdbc.DataSourceInitializerInvoker' of type [org.springframework.boot.autoconfigure.jdbc.DataSourceInitializerInvoker] is not eligible for getting processed by all BeanPostProcessors (for example: not eligible for auto-proxying)
2019-08-21 16:09:14.046  INFO 21172 --- [main] trationDelegate$BeanPostProcessorChecker : Bean 'sqlSessionFactoryBean' of type [org.mybatis.spring.SqlSessionFactoryBean] is not eligible for getting processed by all BeanPostProcessors (for example: not eligible for auto-proxying)
2019-08-21 16:09:14.048  INFO 21172 --- [main] trationDelegate$BeanPostProcessorChecker : Bean 'sqlSessionFactoryBean' of type [org.apache.ibatis.session.defaults.DefaultSqlSessionFactory] is not eligible for getting processed by all BeanPostProcessors (for example: not eligible for auto-proxying)
2019-08-21 16:09:14.061  INFO 21172 --- [main] trationDelegate$BeanPostProcessorChecker : Bean 'mybatis-org.mybatis.spring.boot.autoconfigure.MybatisProperties' of type [org.mybatis.spring.boot.autoconfigure.MybatisProperties] is not eligible for getting processed by all BeanPostProcessors (for example: not eligible for auto-proxying)
2019-08-21 16:09:14.076  INFO 21172 --- [main] trationDelegate$BeanPostProcessorChecker : Bean 'org.mybatis.spring.boot.autoconfigure.MybatisAutoConfiguration' of type [org.mybatis.spring.boot.autoconfigure.MybatisAutoConfiguration$$EnhancerBySpringCGLIB$$e70673e3] is not eligible for getting processed by all BeanPostProcessors (for example: not eligible for auto-proxying)
2019-08-21 16:09:14.095  INFO 21172 --- [main] trationDelegate$BeanPostProcessorChecker : Bean 'sqlSessionTemplate' of type [org.mybatis.spring.SqlSessionTemplate] is not eligible for getting processed by all BeanPostProcessors (for example: not eligible for auto-proxying)
2019-08-21 16:09:14.597  INFO 21172 --- [main] trationDelegate$BeanPostProcessorChecker : Bean 'adminMapper' of type [org.mybatis.spring.mapper.MapperFactoryBean] is not eligible for getting processed by all BeanPostProcessors (for example: not eligible for auto-proxying)
2019-08-21 16:09:14.608  INFO 21172 --- [main] trationDelegate$BeanPostProcessorChecker : Bean 'adminMapper' of type [com.sun.proxy.$Proxy55] is not eligible for getting processed by all BeanPostProcessors (for example: not eligible for auto-proxying)
2019-08-21 16:09:14.679  INFO 21172 --- [main] trationDelegate$BeanPostProcessorChecker : Bean 'roleMapper' of type [org.mybatis.spring.mapper.MapperFactoryBean] is not eligible for getting processed by all BeanPostProcessors (for example: not eligible for auto-proxying)
2019-08-21 16:09:14.681  INFO 21172 --- [main] trationDelegate$BeanPostProcessorChecker : Bean 'roleMapper' of type [com.sun.proxy.$Proxy57] is not eligible for getting processed by all BeanPostProcessors (for example: not eligible for auto-proxying)
2019-08-21 16:09:14.684  INFO 21172 --- [main] trationDelegate$BeanPostProcessorChecker : Bean 'adminServiceImpl' of type [com.cskaoyan.mall.service.lxs.AdminServiceImpl] is not eligible for getting processed by all BeanPostProcessors (for example: not eligible for auto-proxying)
2019-08-21 16:09:14.690  INFO 21172 --- [main] trationDelegate$BeanPostProcessorChecker : Bean 'roleServiceImpl' of type [com.cskaoyan.mall.service.lxt.impl.RoleServiceImpl] is not eligible for getting processed by all BeanPostProcessors (for example: not eligible for auto-proxying)
2019-08-21 16:09:14.767  INFO 21172 --- [main] trationDelegate$BeanPostProcessorChecker : Bean 'permissionMapper' of type [org.mybatis.spring.mapper.MapperFactoryBean] is not eligible for getting processed by all BeanPostProcessors (for example: not eligible for auto-proxying)
2019-08-21 16:09:14.770  INFO 21172 --- [main] trationDelegate$BeanPostProcessorChecker : Bean 'permissionMapper' of type [com.sun.proxy.$Proxy59] is not eligible for getting processed by all BeanPostProcessors (for example: not eligible for auto-proxying)
2019-08-21 16:09:14.774  INFO 21172 --- [main] trationDelegate$BeanPostProcessorChecker : Bean 'permissionServiceImpl' of type [com.cskaoyan.mall.service.lxt.impl.PermissionServiceImpl] is not eligible for getting processed by all BeanPostProcessors (for example: not eligible for auto-proxying)
2019-08-21 16:09:14.982  INFO 21172 --- [main] trationDelegate$BeanPostProcessorChecker : Bean 'userMapper' of type [org.mybatis.spring.mapper.MapperFactoryBean] is not eligible for getting processed by all BeanPostProcessors (for example: not eligible for auto-proxying)
2019-08-21 16:09:14.986  INFO 21172 --- [main] trationDelegate$BeanPostProcessorChecker : Bean 'userMapper' of type [com.sun.proxy.$Proxy60] is not eligible for getting processed by all BeanPostProcessors (for example: not eligible for auto-proxying)
2019-08-21 16:09:14.990  INFO 21172 --- [main] trationDelegate$BeanPostProcessorChecker : Bean 'userServiceImpl' of type [com.cskaoyan.mall.service.lxt.impl.UserServiceImpl] is not eligible for getting processed by all BeanPostProcessors (for example: not eligible for auto-proxying)
2019-08-21 16:09:14.992  INFO 21172 --- [main] trationDelegate$BeanPostProcessorChecker : Bean 'customRealm' of type [com.cskaoyan.mall.realm.CustomRealm] is not eligible for getting processed by all BeanPostProcessors (for example: not eligible for auto-proxying)
2019-08-21 16:09:15.005  INFO 21172 --- [main] trationDelegate$BeanPostProcessorChecker : Bean 'cacheManager' of type [org.apache.shiro.cache.ehcache.EhCacheManager] is not eligible for getting processed by all BeanPostProcessors (for example: not eligible for auto-proxying)
2019-08-21 16:09:15.060  INFO 21172 --- [main] trationDelegate$BeanPostProcessorChecker : Bean 'sessionManager' of type [com.cskaoyan.mall.config.MallSessionManager] is not eligible for getting processed by all BeanPostProcessors (for example: not eligible for auto-proxying)
2019-08-21 16:09:15.427  INFO 21172 --- [main] o.a.shiro.cache.ehcache.EhCacheManager   : Cache with name 'com.cskaoyan.mall.realm.CustomRealm.authorizationCache' does not yet exist.  Creating now.
2019-08-21 16:09:15.555  INFO 21172 --- [main] o.a.shiro.cache.ehcache.EhCacheManager   : Added EhCache named [com.cskaoyan.mall.realm.CustomRealm.authorizationCache]
2019-08-21 16:09:15.579  INFO 21172 --- [main] trationDelegate$BeanPostProcessorChecker : Bean 'securityManager' of type [org.apache.shiro.web.mgt.DefaultWebSecurityManager] is not eligible for getting processed by all BeanPostProcessors (for example: not eligible for auto-proxying)
2019-08-21 16:09:16.856  INFO 21172 --- [main] o.s.b.w.embedded.tomcat.TomcatWebServer  : Tomcat initialized with port(s): 80 (http)
2019-08-21 16:09:16.921  INFO 21172 --- [main] o.apache.catalina.core.StandardService   : Starting service [Tomcat]
2019-08-21 16:09:16.921  INFO 21172 --- [main] org.apache.catalina.core.StandardEngine  : Starting Servlet engine: [Apache Tomcat/9.0.22]
2019-08-21 16:09:17.146  INFO 21172 --- [main] o.a.c.c.C.[Tomcat].[localhost].[/]       : Initializing Spring embedded WebApplicationContext
2019-08-21 16:09:17.147  INFO 21172 --- [main] o.s.web.context.ContextLoader            : Root WebApplicationContext: initialization completed in 7099 ms
2019-08-21 16:09:19.457  INFO 21172 --- [main] f.a.AutowiredAnnotationBeanPostProcessor : Autowired annotation should only be used on methods with parameters: public com.cskaoyan.mall.bean.BaseRespModel com.cskaoyan.mall.controller.xw.WxHomeController.homeShow()
2019-08-21 16:09:19.856  INFO 21172 --- [main] com.alibaba.druid.pool.DruidDataSource   : {dataSource-1} inited
2019-08-21 16:09:20.329 DEBUG 21172 --- [main] c.c.m.mapper.AdMapper.selectByExample    : ==>  Preparing: select id, name, link, url, position, content, start_time, end_time, enabled, add_time, update_time, deleted from cskaoyan_mall_ad /*根据order和sort查询adlist*/ 
2019-08-21 16:09:20.360 DEBUG 21172 --- [main] c.c.m.mapper.AdMapper.selectByExample    : ==> Parameters: 
2019-08-21 16:09:20.394 DEBUG 21172 --- [main] c.c.m.mapper.AdMapper.selectByExample    : <==      Total: 13
2019-08-21 16:09:20.403 DEBUG 21172 --- [main] c.c.m.m.BrandMapper.selectByExample      : ==>  Preparing: select id, cskaoyan_mall_brand.name, cskaoyan_mall_brand.desc, pic_url, sort_order, floor_price, add_time, update_time, deleted from cskaoyan_mall_brand order by id desc 
2019-08-21 16:09:20.404 DEBUG 21172 --- [main] c.c.m.m.BrandMapper.selectByExample      : ==> Parameters: 
2019-08-21 16:09:20.439 DEBUG 21172 --- [main] c.c.m.m.BrandMapper.selectByExample      : <==      Total: 49
2019-08-21 16:09:20.472 DEBUG 21172 --- [main] c.c.m.m.CategoryMapper.selectByExample   : ==>  Preparing: select id, cskaoyan_mall_category.name, keywords, cskaoyan_mall_category.desc, pid, icon_url, pic_url, level, sort_order, add_time, update_time, deleted from cskaoyan_mall_category WHERE ( level = ? ) 
2019-08-21 16:09:20.473 DEBUG 21172 --- [main] c.c.m.m.CategoryMapper.selectByExample   : ==> Parameters: L1(String)
2019-08-21 16:09:20.482 DEBUG 21172 --- [main] c.c.m.m.CategoryMapper.selectByExample   : <==      Total: 9
2019-08-21 16:09:20.494 DEBUG 21172 --- [main] c.c.m.m.CouponMapper.selectByExample     : ==>  Preparing: select id, `name`, `desc`, tag, total, discount, `min`, `limit`, `type`, `status`, goods_type, goods_value, code, time_type, `days`, start_time, end_time, add_time, update_time, deleted from cskaoyan_mall_coupon order by id desc 
2019-08-21 16:09:20.496 DEBUG 21172 --- [main] c.c.m.m.CouponMapper.selectByExample     : ==> Parameters: 
2019-08-21 16:09:20.508 DEBUG 21172 --- [main] c.c.m.m.CouponMapper.selectByExample     : <==      Total: 14
2019-08-21 16:09:21.645  INFO 21172 --- [main] o.s.s.concurrent.ThreadPoolTaskExecutor  : Initializing ExecutorService 'applicationTaskExecutor'
2019-08-21 16:09:22.580  WARN 21172 --- [main] o.s.b.a.f.FreeMarkerAutoConfiguration    : Cannot find template location(s): [classpath:/templates/] (please add some templates, check your FreeMarker configuration, or set spring.freemarker.checkTemplateLocation=false)
2019-08-21 16:09:23.090  INFO 21172 --- [main] o.s.b.w.embedded.tomcat.TomcatWebServer  : Tomcat started on port(s): 80 (http) with context path ''
2019-08-21 16:09:23.100  INFO 21172 --- [main] com.cskaoyan.mall.MallApplication        : Started MallApplication in 15.034 seconds (JVM running for 23.656)
2019-08-21 16:15:22.783  INFO 21172 --- [Thread-27] o.s.s.concurrent.ThreadPoolTaskExecutor  : Shutting down ExecutorService 'applicationTaskExecutor'
2019-08-21 16:15:22.797  INFO 21172 --- [Thread-27] com.alibaba.druid.pool.DruidDataSource   : {dataSource-1} closed
